<?xml version="1.0" encoding="UTF-8"?>
<testng-results skipped="0" failed="0" ignored="0" total="1" passed="1">
  <reporter-output>
  </reporter-output>
  <suite name="Suite" duration-ms="2673" started-at="2022-05-13T17:49:43 IST" finished-at="2022-05-13T17:49:46 IST">
    <groups>
      <group name="Runner1">
        <method signature="TestRunner.testParallel(int,java.lang.String)[pri:0, instance:org.kp.services.tests.TestRunner@76b10754]" name="testParallel" class="org.kp.services.tests.TestRunner"/>
      </group> <!-- Runner1 -->
    </groups>
    <test name="Test" duration-ms="2673" started-at="2022-05-13T17:49:43 IST" finished-at="2022-05-13T17:49:46 IST">
      <class name="org.kp.services.tests.TestRunner">
        <test-method status="PASS" signature="testParallel(int,java.lang.String)[pri:0, instance:org.kp.services.tests.TestRunner@76b10754]" name="testParallel" duration-ms="2637" started-at="2022-05-13T17:49:43 IST" finished-at="2022-05-13T17:49:46 IST">
          <params>
            <param index="0">
              <value>
                <![CDATA[8]]>
              </value>
            </param>
            <param index="1">
              <value>
                <![CDATA[res]]>
              </value>
            </param>
          </params>
          <reporter-output>
          </reporter-output>
        </test-method> <!-- testParallel -->
      </class> <!-- org.kp.services.tests.TestRunner -->
    </test> <!-- Test -->
  </suite> <!-- Suite -->
</testng-results>
